<?xml version="1.0" encoding="UTF-8"?>
<!-- Generated by org.testng.reporters.JUnitReportReporter -->
<testsuite hostname="DESKTOP-B0DD0C2" failures="0" tests="1" name="apiOperations.PostMethod" time="3.074" errors="0" timestamp="2024-05-19T23:04:57 IST" skipped="0">
  <testcase classname="apiOperations.PostMethod" name="postOperation" time="3.074"/>
  <system-out/>
</testsuite> <!-- apiOperations.PostMethod -->
