<?xml version="1.0" encoding="UTF-8"?>
<!-- Generated by org.testng.reporters.JUnitReportReporter -->
<testsuite hostname="DESKTOP-B0DD0C2" failures="0" tests="1" name="apiOperations.GetMethod" time="0.936" errors="0" timestamp="2024-05-19T23:04:57 IST" skipped="0">
  <testcase classname="apiOperations.GetMethod" name="getOperation" time="0.936"/>
  <system-out/>
</testsuite> <!-- apiOperations.GetMethod -->
