<?xml version="1.0" encoding="UTF-8"?>
<!-- Generated by org.testng.reporters.JUnitReportReporter -->
<testsuite hostname="DESKTOP-B0DD0C2" failures="0" tests="1" name="utility.random" time="0.107" errors="0" timestamp="2024-05-21T20:46:10 IST" skipped="0">
  <testcase classname="utility.random" name="generatePhoneNumber" time="0.107"/>
  <system-out/>
</testsuite> <!-- utility.random -->
