<?xml version="1.0" encoding="UTF-8"?>
<!-- Generated by org.testng.reporters.JUnitReportReporter -->
<testsuite hostname="DESKTOP-B0DD0C2" failures="0" tests="1" name="apiOperations.PostMethod" time="10.303" errors="0" timestamp="2024-05-20T22:37:44 IST" skipped="0">
  <testcase classname="apiOperations.PostMethod" name="postOperation" time="10.303"/>
  <system-out/>
</testsuite> <!-- apiOperations.PostMethod -->
