<?xml version="1.0" encoding="UTF-8"?>
<!-- Generated by org.testng.reporters.JUnitReportReporter -->
<testsuite hostname="DESKTOP-B0DD0C2" failures="0" tests="1" name="apiOperations.DeleteMethod" time="3.918" errors="0" timestamp="2024-05-20T20:43:29 IST" skipped="0">
  <testcase classname="apiOperations.DeleteMethod" name="deleteOperation" time="3.918"/>
  <system-out/>
</testsuite> <!-- apiOperations.DeleteMethod -->
