<?xml version="1.0" encoding="UTF-8"?>
<!-- Generated by org.testng.reporters.JUnitReportReporter -->
<testsuite hostname="DESKTOP-B0DD0C2" failures="0" tests="2" name="dynamicPayLoad.dataproviderMethod" time="3.702" errors="0" timestamp="2024-05-21T21:07:27 IST" skipped="0">
  <testcase classname="dynamicPayLoad.dataproviderMethod" name="iterater" time="3.546"/>
  <system-out/>
  <testcase classname="dynamicPayLoad.dataproviderMethod" name="iterater" time="0.156"/>
  <system-out/>
</testsuite> <!-- dynamicPayLoad.dataproviderMethod -->
